2022/02/28 01:13:01 [notice] 1#1: using the "epoll" event method
2022/02/28 01:13:01 [notice] 1#1: nginx/1.21.6
2022/02/28 01:13:01 [notice] 1#1: built by gcc 10.2.1 20210110 (Debian 10.2.1-6) 
2022/02/28 01:13:01 [notice] 1#1: OS: Linux 4.18.0-365.el8.x86_64
2022/02/28 01:13:01 [notice] 1#1: getrlimit(RLIMIT_NOFILE): 1048576:1048576
2022/02/28 01:13:01 [notice] 1#1: start worker processes
2022/02/28 01:13:01 [notice] 1#1: start worker process 22
2022/02/28 01:13:01 [notice] 1#1: start worker process 23
2022/03/02 03:57:35 [notice] 1#1: using the "epoll" event method
2022/03/02 03:57:35 [notice] 1#1: nginx/1.21.6
2022/03/02 03:57:35 [notice] 1#1: built by gcc 10.2.1 20210110 (Debian 10.2.1-6) 
2022/03/02 03:57:35 [notice] 1#1: OS: Linux 4.18.0-365.el8.x86_64
2022/03/02 03:57:35 [notice] 1#1: getrlimit(RLIMIT_NOFILE): 1048576:1048576
2022/03/02 03:57:35 [notice] 1#1: start worker processes
2022/03/02 03:57:35 [notice] 1#1: start worker process 23
2022/03/02 03:57:35 [notice] 1#1: start worker process 24
2022/03/16 13:22:42 [notice] 1#1: using the "epoll" event method
2022/03/16 13:22:42 [notice] 1#1: nginx/1.21.6
2022/03/16 13:22:42 [notice] 1#1: built by gcc 10.2.1 20210110 (Debian 10.2.1-6) 
2022/03/16 13:22:42 [notice] 1#1: OS: Linux 4.18.0-365.el8.x86_64
2022/03/16 13:22:42 [notice] 1#1: getrlimit(RLIMIT_NOFILE): 1048576:1048576
2022/03/16 13:22:42 [notice] 1#1: start worker processes
2022/03/16 13:22:42 [notice] 1#1: start worker process 22
2022/03/16 13:22:42 [notice] 1#1: start worker process 23
2022/03/16 14:41:30 [notice] 1#1: signal 3 (SIGQUIT) received, shutting down
2022/03/16 14:41:30 [notice] 22#22: gracefully shutting down
2022/03/16 14:41:30 [notice] 22#22: exiting
2022/03/16 14:41:30 [notice] 22#22: exit
2022/03/16 14:41:30 [notice] 23#23: gracefully shutting down
2022/03/16 14:41:30 [notice] 23#23: exiting
2022/03/16 14:41:30 [notice] 23#23: exit
2022/03/16 14:41:30 [notice] 1#1: signal 17 (SIGCHLD) received from 22
2022/03/16 14:41:30 [notice] 1#1: worker process 22 exited with code 0
2022/03/16 14:41:30 [notice] 1#1: signal 29 (SIGIO) received
2022/03/16 14:41:30 [notice] 1#1: signal 17 (SIGCHLD) received from 23
2022/03/16 14:41:30 [notice] 1#1: worker process 23 exited with code 0
2022/03/16 14:41:30 [notice] 1#1: exit
2022/03/16 14:41:36 [notice] 1#1: using the "epoll" event method
2022/03/16 14:41:36 [notice] 1#1: nginx/1.21.6
2022/03/16 14:41:36 [notice] 1#1: built by gcc 10.2.1 20210110 (Debian 10.2.1-6) 
2022/03/16 14:41:36 [notice] 1#1: OS: Linux 4.18.0-365.el8.x86_64
2022/03/16 14:41:36 [notice] 1#1: getrlimit(RLIMIT_NOFILE): 1048576:1048576
2022/03/16 14:41:36 [notice] 1#1: start worker processes
2022/03/16 14:41:36 [notice] 1#1: start worker process 23
2022/03/16 14:41:36 [notice] 1#1: start worker process 24
2022/03/16 14:42:33 [notice] 1#1: signal 3 (SIGQUIT) received, shutting down
2022/03/16 14:42:33 [notice] 23#23: gracefully shutting down
2022/03/16 14:42:33 [notice] 23#23: exiting
2022/03/16 14:42:33 [notice] 23#23: exit
2022/03/16 14:42:33 [notice] 24#24: gracefully shutting down
2022/03/16 14:42:33 [notice] 24#24: exiting
2022/03/16 14:42:33 [notice] 24#24: exit
2022/03/16 14:42:33 [notice] 1#1: signal 17 (SIGCHLD) received from 23
2022/03/16 14:42:33 [notice] 1#1: worker process 23 exited with code 0
2022/03/16 14:42:33 [notice] 1#1: signal 29 (SIGIO) received
2022/03/16 14:42:33 [notice] 1#1: signal 17 (SIGCHLD) received from 24
2022/03/16 14:42:33 [notice] 1#1: worker process 24 exited with code 0
2022/03/16 14:42:33 [notice] 1#1: exit
2022/03/16 14:43:25 [notice] 1#1: using the "epoll" event method
2022/03/16 14:43:25 [notice] 1#1: nginx/1.21.6
2022/03/16 14:43:25 [notice] 1#1: built by gcc 10.2.1 20210110 (Debian 10.2.1-6) 
2022/03/16 14:43:25 [notice] 1#1: OS: Linux 4.18.0-365.el8.x86_64
2022/03/16 14:43:25 [notice] 1#1: getrlimit(RLIMIT_NOFILE): 1048576:1048576
2022/03/16 14:43:25 [notice] 1#1: start worker processes
2022/03/16 14:43:25 [notice] 1#1: start worker process 21
2022/03/16 14:43:25 [notice] 1#1: start worker process 22
2022/03/21 04:28:07 [notice] 1#1: using the "epoll" event method
2022/03/21 04:28:07 [notice] 1#1: nginx/1.21.6
2022/03/21 04:28:07 [notice] 1#1: built by gcc 10.2.1 20210110 (Debian 10.2.1-6) 
2022/03/21 04:28:07 [notice] 1#1: OS: Linux 4.18.0-365.el8.x86_64
2022/03/21 04:28:07 [notice] 1#1: getrlimit(RLIMIT_NOFILE): 1048576:1048576
2022/03/21 04:28:07 [notice] 1#1: start worker processes
2022/03/21 04:28:07 [notice] 1#1: start worker process 21
2022/03/21 04:28:07 [notice] 1#1: start worker process 22
